2023-02-06 17:38:31,916:INFO:PyCaret Supervised Module
2023-02-06 17:38:31,916:INFO:ML Usecase: regression
2023-02-06 17:38:31,916:INFO:version 2.2.2
2023-02-06 17:38:31,916:INFO:Initializing setup()
2023-02-06 17:38:31,916:INFO:setup(target=expenses, ml_usecase=regression, available_plots={'parameter': 'Hyperparameters', 'residuals': 'Residuals', 'error': 'Prediction Error', 'cooks': 'Cooks Distance', 'rfe': 'Feature Selection', 'learning': 'Learning Curve', 'manifold': 'Manifold Learning', 'vc': 'Validation Curve', 'feature': 'Feature Importance', 'feature_all': 'Feature Importance (All)', 'tree': 'Decision Tree'}, train_size=0.7, test_data=None, preprocess=True, imputation_type=simple, iterative_imputation_iters=5, categorical_features=None, categorical_imputation=constant, categorical_iterative_imputer=lightgbm, ordinal_features=None, high_cardinality_features=None, high_cardinality_method=frequency, numeric_features=None, numeric_imputation=mean, numeric_iterative_imputer=lightgbm, date_features=None, ignore_features=None, normalize=False, normalize_method=zscore, transformation=False, transformation_method=yeo-johnson, handle_unknown_categorical=True, unknown_categorical_method=least_frequent, pca=False, pca_method=linear, pca_components=None, ignore_low_variance=False, combine_rare_levels=False, rare_level_threshold=0.1, bin_numeric_features=None, remove_outliers=False, outliers_threshold=0.05, remove_multicollinearity=False, multicollinearity_threshold=0.9, remove_perfect_collinearity=True, create_clusters=False, cluster_iter=20, polynomial_features=False, polynomial_degree=2, trigonometry_features=False, polynomial_threshold=0.1, group_features=None, group_names=None, feature_selection=False, feature_selection_threshold=0.8, feature_selection_method=classic, feature_interaction=False, feature_ratio=False, interaction_threshold=0.01, fix_imbalance=False, fix_imbalance_method=None, transform_target=False, transform_target_method=box-cox, data_split_shuffle=True, data_split_stratify=False, fold_strategy=kfold, fold=10, fold_shuffle=False, fold_groups=None, n_jobs=-1, use_gpu=False, custom_pipeline=None, html=True, session_id=123, log_experiment=False, experiment_name=None, log_plots=False, log_profile=False, log_data=False, silent=False, verbose=True, profile=False, profile_kwargs=None, display=None)
2023-02-06 17:38:32,026:INFO:Checking environment
2023-02-06 17:38:32,026:INFO:python_version: 3.9.12
2023-02-06 17:38:32,026:INFO:python_build: ('main', 'Apr  4 2022 05:22:27')
2023-02-06 17:38:32,026:INFO:machine: AMD64
2023-02-06 17:38:32,026:INFO:platform: Windows-10-10.0.22621-SP0
2023-02-06 17:38:32,026:INFO:Memory: svmem(total=6378008576, available=552939520, percent=91.3, used=5825069056, free=552939520)
2023-02-06 17:38:32,026:INFO:Physical Core: 4
2023-02-06 17:38:32,026:INFO:Logical Core: 8
2023-02-06 17:38:32,026:INFO:Checking libraries
2023-02-06 17:38:32,026:INFO:pd==1.4.2
2023-02-06 17:38:32,026:INFO:numpy==1.21.5
2023-02-06 17:38:32,026:INFO:sklearn==1.0.2
2023-02-06 17:38:32,089:INFO:xgboost==1.7.3
2023-02-06 17:38:32,089:INFO:lightgbm==3.3.5
2023-02-06 17:38:32,230:INFO:catboost==1.1.1
2023-02-06 17:38:33,438:INFO:mlflow==2.1.1
2023-02-06 17:38:33,438:INFO:Checking Exceptions
2023-02-06 17:38:33,438:INFO:Declaring global variables
2023-02-06 17:38:33,438:INFO:USI: 2f48
2023-02-06 17:38:33,438:INFO:pycaret_globals: {'iterative_imputation_iters_param', 'y_test', '_all_models_internal', 'imputation_regressor', 'fold_shuffle_param', 'prep_pipe', 'experiment__', 'stratify_param', '_all_metrics', '_internal_pipeline', 'X', 'target_param', '_gpu_n_jobs_param', 'fold_groups_param', 'log_plots_param', '_ml_usecase', 'display_container', 'pycaret_globals', 'transform_target_param', 'seed', 'X_train', '_available_plots', 'master_model_container', 'fix_imbalance_method_param', 'create_model_container', 'y_train', 'logging_param', 'gpu_param', 'imputation_classifier', 'exp_name_log', 'X_test', 'USI', 'fix_imbalance_param', 'transform_target_method_param', 'y', 'fold_param', '_all_models', 'html_param', 'data_before_preprocess', 'n_jobs_param', 'fold_generator'}
2023-02-06 17:38:33,438:INFO:Preparing display monitor
2023-02-06 17:38:33,438:INFO:Preparing display monitor
2023-02-06 17:38:33,457:INFO:Importing libraries
2023-02-06 17:38:33,457:INFO:Copying data for preprocessing
2023-02-06 17:38:33,470:INFO:Declaring preprocessing parameters
2023-02-06 17:38:33,470:INFO:Creating preprocessing pipeline
2023-02-06 17:38:33,489:INFO:Preprocessing pipeline created successfully
2023-02-06 17:38:33,489:ERROR:(Process Exit): setup has been interupted with user command 'quit'. setup must rerun.
2023-02-06 17:38:33,489:INFO:Creating global containers
2023-02-06 17:40:14,385:INFO:PyCaret Supervised Module
2023-02-06 17:40:14,385:INFO:ML Usecase: regression
2023-02-06 17:40:14,385:INFO:version 2.2.2
2023-02-06 17:40:14,385:INFO:Initializing setup()
2023-02-06 17:40:14,385:INFO:setup(target=expenses, ml_usecase=regression, available_plots={'parameter': 'Hyperparameters', 'residuals': 'Residuals', 'error': 'Prediction Error', 'cooks': 'Cooks Distance', 'rfe': 'Feature Selection', 'learning': 'Learning Curve', 'manifold': 'Manifold Learning', 'vc': 'Validation Curve', 'feature': 'Feature Importance', 'feature_all': 'Feature Importance (All)', 'tree': 'Decision Tree'}, train_size=0.7, test_data=None, preprocess=True, imputation_type=simple, iterative_imputation_iters=5, categorical_features=None, categorical_imputation=constant, categorical_iterative_imputer=lightgbm, ordinal_features=None, high_cardinality_features=None, high_cardinality_method=frequency, numeric_features=None, numeric_imputation=mean, numeric_iterative_imputer=lightgbm, date_features=None, ignore_features=None, normalize=False, normalize_method=zscore, transformation=False, transformation_method=yeo-johnson, handle_unknown_categorical=True, unknown_categorical_method=least_frequent, pca=False, pca_method=linear, pca_components=None, ignore_low_variance=False, combine_rare_levels=False, rare_level_threshold=0.1, bin_numeric_features=None, remove_outliers=False, outliers_threshold=0.05, remove_multicollinearity=False, multicollinearity_threshold=0.9, remove_perfect_collinearity=True, create_clusters=False, cluster_iter=20, polynomial_features=False, polynomial_degree=2, trigonometry_features=False, polynomial_threshold=0.1, group_features=None, group_names=None, feature_selection=False, feature_selection_threshold=0.8, feature_selection_method=classic, feature_interaction=False, feature_ratio=False, interaction_threshold=0.01, fix_imbalance=False, fix_imbalance_method=None, transform_target=False, transform_target_method=box-cox, data_split_shuffle=True, data_split_stratify=False, fold_strategy=kfold, fold=10, fold_shuffle=False, fold_groups=None, n_jobs=-1, use_gpu=False, custom_pipeline=None, html=True, session_id=123, log_experiment=False, experiment_name=None, log_plots=False, log_profile=False, log_data=False, silent=False, verbose=True, profile=False, profile_kwargs=None, display=None)
2023-02-06 17:40:14,385:INFO:Checking environment
2023-02-06 17:40:14,385:INFO:python_version: 3.9.12
2023-02-06 17:40:14,385:INFO:python_build: ('main', 'Apr  4 2022 05:22:27')
2023-02-06 17:40:14,385:INFO:machine: AMD64
2023-02-06 17:40:14,385:INFO:platform: Windows-10-10.0.22621-SP0
2023-02-06 17:40:14,385:INFO:Memory: svmem(total=6378008576, available=693682176, percent=89.1, used=5684326400, free=693682176)
2023-02-06 17:40:14,385:INFO:Physical Core: 4
2023-02-06 17:40:14,385:INFO:Logical Core: 8
2023-02-06 17:40:14,385:INFO:Checking libraries
2023-02-06 17:40:14,385:INFO:pd==1.4.2
2023-02-06 17:40:14,385:INFO:numpy==1.21.5
2023-02-06 17:40:14,385:INFO:sklearn==1.0.2
2023-02-06 17:40:14,385:INFO:xgboost==1.7.3
2023-02-06 17:40:14,385:INFO:lightgbm==3.3.5
2023-02-06 17:40:14,385:INFO:catboost==1.1.1
2023-02-06 17:40:14,385:INFO:mlflow==2.1.1
2023-02-06 17:40:14,385:INFO:Checking Exceptions
2023-02-06 17:40:14,385:INFO:Declaring global variables
2023-02-06 17:40:14,385:INFO:USI: 5a76
2023-02-06 17:40:14,385:INFO:pycaret_globals: {'iterative_imputation_iters_param', 'y_test', '_all_models_internal', 'imputation_regressor', 'fold_shuffle_param', 'prep_pipe', 'experiment__', 'stratify_param', '_all_metrics', '_internal_pipeline', 'X', 'target_param', '_gpu_n_jobs_param', 'fold_groups_param', 'log_plots_param', '_ml_usecase', 'display_container', 'pycaret_globals', 'transform_target_param', 'seed', 'X_train', '_available_plots', 'master_model_container', 'fix_imbalance_method_param', 'create_model_container', 'y_train', 'logging_param', 'gpu_param', 'imputation_classifier', 'exp_name_log', 'X_test', 'USI', 'fix_imbalance_param', 'transform_target_method_param', 'y', 'fold_param', '_all_models', 'html_param', 'data_before_preprocess', 'n_jobs_param', 'fold_generator'}
2023-02-06 17:40:14,486:INFO:Preparing display monitor
2023-02-06 17:40:14,486:INFO:Preparing display monitor
2023-02-06 17:40:14,502:INFO:Importing libraries
2023-02-06 17:40:14,502:INFO:Copying data for preprocessing
2023-02-06 17:40:14,525:INFO:Declaring preprocessing parameters
2023-02-06 17:40:14,525:INFO:Creating preprocessing pipeline
2023-02-06 17:40:14,536:INFO:Preprocessing pipeline created successfully
2023-02-06 17:40:14,536:ERROR:(Process Exit): setup has been interupted with user command 'quit'. setup must rerun.
2023-02-06 17:40:14,536:INFO:Creating global containers
2023-02-06 17:40:18,377:INFO:PyCaret Supervised Module
2023-02-06 17:40:18,377:INFO:ML Usecase: regression
2023-02-06 17:40:18,377:INFO:version 2.2.2
2023-02-06 17:40:18,377:INFO:Initializing setup()
2023-02-06 17:40:18,377:INFO:setup(target=expenses, ml_usecase=regression, available_plots={'parameter': 'Hyperparameters', 'residuals': 'Residuals', 'error': 'Prediction Error', 'cooks': 'Cooks Distance', 'rfe': 'Feature Selection', 'learning': 'Learning Curve', 'manifold': 'Manifold Learning', 'vc': 'Validation Curve', 'feature': 'Feature Importance', 'feature_all': 'Feature Importance (All)', 'tree': 'Decision Tree'}, train_size=0.7, test_data=None, preprocess=True, imputation_type=simple, iterative_imputation_iters=5, categorical_features=None, categorical_imputation=constant, categorical_iterative_imputer=lightgbm, ordinal_features=None, high_cardinality_features=None, high_cardinality_method=frequency, numeric_features=None, numeric_imputation=mean, numeric_iterative_imputer=lightgbm, date_features=None, ignore_features=None, normalize=False, normalize_method=zscore, transformation=False, transformation_method=yeo-johnson, handle_unknown_categorical=True, unknown_categorical_method=least_frequent, pca=False, pca_method=linear, pca_components=None, ignore_low_variance=False, combine_rare_levels=False, rare_level_threshold=0.1, bin_numeric_features=None, remove_outliers=False, outliers_threshold=0.05, remove_multicollinearity=False, multicollinearity_threshold=0.9, remove_perfect_collinearity=True, create_clusters=False, cluster_iter=20, polynomial_features=False, polynomial_degree=2, trigonometry_features=False, polynomial_threshold=0.1, group_features=None, group_names=None, feature_selection=False, feature_selection_threshold=0.8, feature_selection_method=classic, feature_interaction=False, feature_ratio=False, interaction_threshold=0.01, fix_imbalance=False, fix_imbalance_method=None, transform_target=False, transform_target_method=box-cox, data_split_shuffle=True, data_split_stratify=False, fold_strategy=kfold, fold=10, fold_shuffle=False, fold_groups=None, n_jobs=-1, use_gpu=False, custom_pipeline=None, html=True, session_id=None, log_experiment=False, experiment_name=None, log_plots=False, log_profile=False, log_data=False, silent=False, verbose=True, profile=False, profile_kwargs=None, display=None)
2023-02-06 17:40:18,377:INFO:Checking environment
2023-02-06 17:40:18,377:INFO:python_version: 3.9.12
2023-02-06 17:40:18,377:INFO:python_build: ('main', 'Apr  4 2022 05:22:27')
2023-02-06 17:40:18,377:INFO:machine: AMD64
2023-02-06 17:40:18,377:INFO:platform: Windows-10-10.0.22621-SP0
2023-02-06 17:40:18,378:INFO:Memory: svmem(total=6378008576, available=705425408, percent=88.9, used=5672583168, free=705425408)
2023-02-06 17:40:18,378:INFO:Physical Core: 4
2023-02-06 17:40:18,378:INFO:Logical Core: 8
2023-02-06 17:40:18,378:INFO:Checking libraries
2023-02-06 17:40:18,378:INFO:pd==1.4.2
2023-02-06 17:40:18,378:INFO:numpy==1.21.5
2023-02-06 17:40:18,378:INFO:sklearn==1.0.2
2023-02-06 17:40:18,378:INFO:xgboost==1.7.3
2023-02-06 17:40:18,378:INFO:lightgbm==3.3.5
2023-02-06 17:40:18,378:INFO:catboost==1.1.1
2023-02-06 17:40:18,378:INFO:mlflow==2.1.1
2023-02-06 17:40:18,378:INFO:Checking Exceptions
2023-02-06 17:40:18,379:INFO:Declaring global variables
2023-02-06 17:40:18,379:INFO:USI: cb86
2023-02-06 17:40:18,379:INFO:pycaret_globals: {'iterative_imputation_iters_param', 'y_test', '_all_models_internal', 'imputation_regressor', 'fold_shuffle_param', 'prep_pipe', 'experiment__', 'stratify_param', '_all_metrics', '_internal_pipeline', 'X', 'target_param', '_gpu_n_jobs_param', 'fold_groups_param', 'log_plots_param', '_ml_usecase', 'display_container', 'pycaret_globals', 'transform_target_param', 'seed', 'X_train', '_available_plots', 'master_model_container', 'fix_imbalance_method_param', 'create_model_container', 'y_train', 'logging_param', 'gpu_param', 'imputation_classifier', 'exp_name_log', 'X_test', 'USI', 'fix_imbalance_param', 'transform_target_method_param', 'y', 'fold_param', '_all_models', 'html_param', 'data_before_preprocess', 'n_jobs_param', 'fold_generator'}
2023-02-06 17:40:18,379:INFO:Preparing display monitor
2023-02-06 17:40:18,379:INFO:Preparing display monitor
2023-02-06 17:40:18,396:INFO:Importing libraries
2023-02-06 17:40:18,397:INFO:Copying data for preprocessing
2023-02-06 17:40:18,405:INFO:Declaring preprocessing parameters
2023-02-06 17:40:18,405:INFO:Creating preprocessing pipeline
2023-02-06 17:40:18,417:INFO:Preprocessing pipeline created successfully
2023-02-06 17:40:18,417:ERROR:(Process Exit): setup has been interupted with user command 'quit'. setup must rerun.
2023-02-06 17:40:18,417:INFO:Creating global containers
2023-02-06 17:41:51,176:INFO:PyCaret Supervised Module
2023-02-06 17:41:51,177:INFO:ML Usecase: regression
2023-02-06 17:41:51,177:INFO:version 2.2.2
2023-02-06 17:41:51,177:INFO:Initializing setup()
2023-02-06 17:41:51,177:INFO:setup(target=Price, ml_usecase=regression, available_plots={'parameter': 'Hyperparameters', 'residuals': 'Residuals', 'error': 'Prediction Error', 'cooks': 'Cooks Distance', 'rfe': 'Feature Selection', 'learning': 'Learning Curve', 'manifold': 'Manifold Learning', 'vc': 'Validation Curve', 'feature': 'Feature Importance', 'feature_all': 'Feature Importance (All)', 'tree': 'Decision Tree'}, train_size=0.7, test_data=None, preprocess=True, imputation_type=simple, iterative_imputation_iters=5, categorical_features=None, categorical_imputation=constant, categorical_iterative_imputer=lightgbm, ordinal_features=None, high_cardinality_features=None, high_cardinality_method=frequency, numeric_features=None, numeric_imputation=mean, numeric_iterative_imputer=lightgbm, date_features=None, ignore_features=None, normalize=False, normalize_method=zscore, transformation=False, transformation_method=yeo-johnson, handle_unknown_categorical=True, unknown_categorical_method=least_frequent, pca=False, pca_method=linear, pca_components=None, ignore_low_variance=False, combine_rare_levels=False, rare_level_threshold=0.1, bin_numeric_features=None, remove_outliers=False, outliers_threshold=0.05, remove_multicollinearity=False, multicollinearity_threshold=0.9, remove_perfect_collinearity=True, create_clusters=False, cluster_iter=20, polynomial_features=False, polynomial_degree=2, trigonometry_features=False, polynomial_threshold=0.1, group_features=None, group_names=None, feature_selection=False, feature_selection_threshold=0.8, feature_selection_method=classic, feature_interaction=False, feature_ratio=False, interaction_threshold=0.01, fix_imbalance=False, fix_imbalance_method=None, transform_target=False, transform_target_method=box-cox, data_split_shuffle=True, data_split_stratify=False, fold_strategy=kfold, fold=10, fold_shuffle=False, fold_groups=None, n_jobs=-1, use_gpu=False, custom_pipeline=None, html=True, session_id=123, log_experiment=False, experiment_name=None, log_plots=False, log_profile=False, log_data=False, silent=False, verbose=True, profile=False, profile_kwargs=None, display=None)
2023-02-06 17:41:51,491:INFO:Checking environment
2023-02-06 17:41:51,491:INFO:python_version: 3.9.12
2023-02-06 17:41:51,491:INFO:python_build: ('main', 'Apr  4 2022 05:22:27')
2023-02-06 17:41:51,491:INFO:machine: AMD64
2023-02-06 17:41:51,491:INFO:platform: Windows-10-10.0.22621-SP0
2023-02-06 17:41:51,492:INFO:Memory: svmem(total=6378008576, available=654290944, percent=89.7, used=5723717632, free=654290944)
2023-02-06 17:41:51,492:INFO:Physical Core: 4
2023-02-06 17:41:51,492:INFO:Logical Core: 8
2023-02-06 17:41:51,492:INFO:Checking libraries
2023-02-06 17:41:51,492:INFO:pd==1.4.2
2023-02-06 17:41:51,492:INFO:numpy==1.21.5
2023-02-06 17:41:51,492:INFO:sklearn==1.0.2
2023-02-06 17:41:51,492:INFO:xgboost==1.7.3
2023-02-06 17:41:51,492:INFO:lightgbm==3.3.5
2023-02-06 17:41:51,492:INFO:catboost==1.1.1
2023-02-06 17:41:51,492:INFO:mlflow==2.1.1
2023-02-06 17:41:51,492:INFO:Checking Exceptions
2023-02-06 17:42:06,650:INFO:PyCaret Supervised Module
2023-02-06 17:42:06,650:INFO:ML Usecase: regression
2023-02-06 17:42:06,650:INFO:version 2.2.2
2023-02-06 17:42:06,651:INFO:Initializing setup()
2023-02-06 17:42:06,651:INFO:setup(target=expenses, ml_usecase=regression, available_plots={'parameter': 'Hyperparameters', 'residuals': 'Residuals', 'error': 'Prediction Error', 'cooks': 'Cooks Distance', 'rfe': 'Feature Selection', 'learning': 'Learning Curve', 'manifold': 'Manifold Learning', 'vc': 'Validation Curve', 'feature': 'Feature Importance', 'feature_all': 'Feature Importance (All)', 'tree': 'Decision Tree'}, train_size=0.7, test_data=None, preprocess=True, imputation_type=simple, iterative_imputation_iters=5, categorical_features=None, categorical_imputation=constant, categorical_iterative_imputer=lightgbm, ordinal_features=None, high_cardinality_features=None, high_cardinality_method=frequency, numeric_features=None, numeric_imputation=mean, numeric_iterative_imputer=lightgbm, date_features=None, ignore_features=None, normalize=False, normalize_method=zscore, transformation=False, transformation_method=yeo-johnson, handle_unknown_categorical=True, unknown_categorical_method=least_frequent, pca=False, pca_method=linear, pca_components=None, ignore_low_variance=False, combine_rare_levels=False, rare_level_threshold=0.1, bin_numeric_features=None, remove_outliers=False, outliers_threshold=0.05, remove_multicollinearity=False, multicollinearity_threshold=0.9, remove_perfect_collinearity=True, create_clusters=False, cluster_iter=20, polynomial_features=False, polynomial_degree=2, trigonometry_features=False, polynomial_threshold=0.1, group_features=None, group_names=None, feature_selection=False, feature_selection_threshold=0.8, feature_selection_method=classic, feature_interaction=False, feature_ratio=False, interaction_threshold=0.01, fix_imbalance=False, fix_imbalance_method=None, transform_target=False, transform_target_method=box-cox, data_split_shuffle=True, data_split_stratify=False, fold_strategy=kfold, fold=10, fold_shuffle=False, fold_groups=None, n_jobs=-1, use_gpu=False, custom_pipeline=None, html=True, session_id=123, log_experiment=False, experiment_name=None, log_plots=False, log_profile=False, log_data=False, silent=False, verbose=True, profile=False, profile_kwargs=None, display=None)
2023-02-06 17:42:06,651:INFO:Checking environment
2023-02-06 17:42:06,651:INFO:python_version: 3.9.12
2023-02-06 17:42:06,651:INFO:python_build: ('main', 'Apr  4 2022 05:22:27')
2023-02-06 17:42:06,651:INFO:machine: AMD64
2023-02-06 17:42:06,651:INFO:platform: Windows-10-10.0.22621-SP0
2023-02-06 17:42:06,651:INFO:Memory: svmem(total=6378008576, available=618586112, percent=90.3, used=5759422464, free=618586112)
2023-02-06 17:42:06,651:INFO:Physical Core: 4
2023-02-06 17:42:06,651:INFO:Logical Core: 8
2023-02-06 17:42:06,652:INFO:Checking libraries
2023-02-06 17:42:06,652:INFO:pd==1.4.2
2023-02-06 17:42:06,652:INFO:numpy==1.21.5
2023-02-06 17:42:06,652:INFO:sklearn==1.0.2
2023-02-06 17:42:06,652:INFO:xgboost==1.7.3
2023-02-06 17:42:06,652:INFO:lightgbm==3.3.5
2023-02-06 17:42:06,652:INFO:catboost==1.1.1
2023-02-06 17:42:06,652:INFO:mlflow==2.1.1
2023-02-06 17:42:06,652:INFO:Checking Exceptions
2023-02-06 17:42:06,653:INFO:Declaring global variables
2023-02-06 17:42:06,653:INFO:USI: da7e
2023-02-06 17:42:06,653:INFO:pycaret_globals: {'iterative_imputation_iters_param', 'y_test', '_all_models_internal', 'imputation_regressor', 'fold_shuffle_param', 'prep_pipe', 'experiment__', 'stratify_param', '_all_metrics', '_internal_pipeline', 'X', 'target_param', '_gpu_n_jobs_param', 'fold_groups_param', 'log_plots_param', '_ml_usecase', 'display_container', 'pycaret_globals', 'transform_target_param', 'seed', 'X_train', '_available_plots', 'master_model_container', 'fix_imbalance_method_param', 'create_model_container', 'y_train', 'logging_param', 'gpu_param', 'imputation_classifier', 'exp_name_log', 'X_test', 'USI', 'fix_imbalance_param', 'transform_target_method_param', 'y', 'fold_param', '_all_models', 'html_param', 'data_before_preprocess', 'n_jobs_param', 'fold_generator'}
2023-02-06 17:42:06,653:INFO:Preparing display monitor
2023-02-06 17:42:06,653:INFO:Preparing display monitor
2023-02-06 17:42:06,671:INFO:Importing libraries
2023-02-06 17:42:06,672:INFO:Copying data for preprocessing
2023-02-06 17:42:06,680:INFO:Declaring preprocessing parameters
2023-02-06 17:42:06,680:INFO:Creating preprocessing pipeline
2023-02-06 17:42:06,680:INFO:Preprocessing pipeline created successfully
2023-02-06 17:42:06,680:ERROR:(Process Exit): setup has been interupted with user command 'quit'. setup must rerun.
2023-02-06 17:42:06,680:INFO:Creating global containers
2023-02-06 17:42:53,579:INFO:PyCaret Supervised Module
2023-02-06 17:42:53,579:INFO:ML Usecase: regression
2023-02-06 17:42:53,580:INFO:version 2.2.2
2023-02-06 17:42:53,580:INFO:Initializing setup()
2023-02-06 17:42:53,580:INFO:setup(target=expenses, ml_usecase=regression, available_plots={'parameter': 'Hyperparameters', 'residuals': 'Residuals', 'error': 'Prediction Error', 'cooks': 'Cooks Distance', 'rfe': 'Feature Selection', 'learning': 'Learning Curve', 'manifold': 'Manifold Learning', 'vc': 'Validation Curve', 'feature': 'Feature Importance', 'feature_all': 'Feature Importance (All)', 'tree': 'Decision Tree'}, train_size=0.7, test_data=None, preprocess=True, imputation_type=simple, iterative_imputation_iters=5, categorical_features=None, categorical_imputation=constant, categorical_iterative_imputer=lightgbm, ordinal_features=None, high_cardinality_features=None, high_cardinality_method=frequency, numeric_features=None, numeric_imputation=mean, numeric_iterative_imputer=lightgbm, date_features=None, ignore_features=None, normalize=False, normalize_method=zscore, transformation=False, transformation_method=yeo-johnson, handle_unknown_categorical=True, unknown_categorical_method=least_frequent, pca=False, pca_method=linear, pca_components=None, ignore_low_variance=False, combine_rare_levels=False, rare_level_threshold=0.1, bin_numeric_features=None, remove_outliers=False, outliers_threshold=0.05, remove_multicollinearity=False, multicollinearity_threshold=0.9, remove_perfect_collinearity=True, create_clusters=False, cluster_iter=20, polynomial_features=False, polynomial_degree=2, trigonometry_features=False, polynomial_threshold=0.1, group_features=None, group_names=None, feature_selection=False, feature_selection_threshold=0.8, feature_selection_method=classic, feature_interaction=False, feature_ratio=False, interaction_threshold=0.01, fix_imbalance=False, fix_imbalance_method=None, transform_target=False, transform_target_method=box-cox, data_split_shuffle=True, data_split_stratify=False, fold_strategy=kfold, fold=10, fold_shuffle=False, fold_groups=None, n_jobs=-1, use_gpu=False, custom_pipeline=None, html=True, session_id=123, log_experiment=False, experiment_name=None, log_plots=False, log_profile=False, log_data=False, silent=False, verbose=True, profile=False, profile_kwargs=None, display=None)
2023-02-06 17:42:53,580:INFO:Checking environment
2023-02-06 17:42:53,580:INFO:python_version: 3.9.12
2023-02-06 17:42:53,580:INFO:python_build: ('main', 'Apr  4 2022 05:22:27')
2023-02-06 17:42:53,581:INFO:machine: AMD64
2023-02-06 17:42:53,581:INFO:platform: Windows-10-10.0.22621-SP0
2023-02-06 17:42:53,581:INFO:Memory: svmem(total=6378008576, available=491847680, percent=92.3, used=5886160896, free=491847680)
2023-02-06 17:42:53,581:INFO:Physical Core: 4
2023-02-06 17:42:53,581:INFO:Logical Core: 8
2023-02-06 17:42:53,581:INFO:Checking libraries
2023-02-06 17:42:53,582:INFO:pd==1.4.2
2023-02-06 17:42:53,582:INFO:numpy==1.21.5
2023-02-06 17:42:53,582:INFO:sklearn==1.0.2
2023-02-06 17:42:53,582:INFO:xgboost==1.7.3
2023-02-06 17:42:53,582:INFO:lightgbm==3.3.5
2023-02-06 17:42:53,582:INFO:catboost==1.1.1
2023-02-06 17:42:53,582:INFO:mlflow==2.1.1
2023-02-06 17:42:53,582:INFO:Checking Exceptions
2023-02-06 17:42:53,582:INFO:Declaring global variables
2023-02-06 17:42:53,583:INFO:USI: d723
2023-02-06 17:42:53,583:INFO:pycaret_globals: {'iterative_imputation_iters_param', 'y_test', '_all_models_internal', 'imputation_regressor', 'fold_shuffle_param', 'prep_pipe', 'experiment__', 'stratify_param', '_all_metrics', '_internal_pipeline', 'X', 'target_param', '_gpu_n_jobs_param', 'fold_groups_param', 'log_plots_param', '_ml_usecase', 'display_container', 'pycaret_globals', 'transform_target_param', 'seed', 'X_train', '_available_plots', 'master_model_container', 'fix_imbalance_method_param', 'create_model_container', 'y_train', 'logging_param', 'gpu_param', 'imputation_classifier', 'exp_name_log', 'X_test', 'USI', 'fix_imbalance_param', 'transform_target_method_param', 'y', 'fold_param', '_all_models', 'html_param', 'data_before_preprocess', 'n_jobs_param', 'fold_generator'}
2023-02-06 17:42:53,583:INFO:Preparing display monitor
2023-02-06 17:42:53,583:INFO:Preparing display monitor
2023-02-06 17:42:53,601:INFO:Importing libraries
2023-02-06 17:42:53,603:INFO:Copying data for preprocessing
2023-02-06 17:42:53,613:INFO:Declaring preprocessing parameters
2023-02-06 17:42:53,616:INFO:Creating preprocessing pipeline
2023-02-06 17:42:53,620:INFO:Preprocessing pipeline created successfully
2023-02-06 17:42:53,620:ERROR:(Process Exit): setup has been interupted with user command 'quit'. setup must rerun.
2023-02-06 17:42:53,620:INFO:Creating global containers
2023-02-06 17:45:27,493:INFO:PyCaret Supervised Module
2023-02-06 17:45:27,493:INFO:ML Usecase: regression
2023-02-06 17:45:27,495:INFO:version 2.2.2
2023-02-06 17:45:27,495:INFO:Initializing setup()
2023-02-06 17:45:27,495:INFO:setup(target=expenses, ml_usecase=regression, available_plots={'parameter': 'Hyperparameters', 'residuals': 'Residuals', 'error': 'Prediction Error', 'cooks': 'Cooks Distance', 'rfe': 'Feature Selection', 'learning': 'Learning Curve', 'manifold': 'Manifold Learning', 'vc': 'Validation Curve', 'feature': 'Feature Importance', 'feature_all': 'Feature Importance (All)', 'tree': 'Decision Tree'}, train_size=0.7, test_data=None, preprocess=True, imputation_type=simple, iterative_imputation_iters=5, categorical_features=None, categorical_imputation=constant, categorical_iterative_imputer=lightgbm, ordinal_features=None, high_cardinality_features=None, high_cardinality_method=frequency, numeric_features=None, numeric_imputation=mean, numeric_iterative_imputer=lightgbm, date_features=None, ignore_features=None, normalize=False, normalize_method=zscore, transformation=False, transformation_method=yeo-johnson, handle_unknown_categorical=True, unknown_categorical_method=least_frequent, pca=False, pca_method=linear, pca_components=None, ignore_low_variance=False, combine_rare_levels=False, rare_level_threshold=0.1, bin_numeric_features=None, remove_outliers=False, outliers_threshold=0.05, remove_multicollinearity=False, multicollinearity_threshold=0.9, remove_perfect_collinearity=True, create_clusters=False, cluster_iter=20, polynomial_features=False, polynomial_degree=2, trigonometry_features=False, polynomial_threshold=0.1, group_features=None, group_names=None, feature_selection=False, feature_selection_threshold=0.8, feature_selection_method=classic, feature_interaction=False, feature_ratio=False, interaction_threshold=0.01, fix_imbalance=False, fix_imbalance_method=None, transform_target=False, transform_target_method=box-cox, data_split_shuffle=True, data_split_stratify=False, fold_strategy=kfold, fold=10, fold_shuffle=True, fold_groups=None, n_jobs=-1, use_gpu=False, custom_pipeline=None, html=True, session_id=123, log_experiment=False, experiment_name=None, log_plots=False, log_profile=False, log_data=False, silent=False, verbose=True, profile=False, profile_kwargs=None, display=None)
2023-02-06 17:45:27,495:INFO:Checking environment
2023-02-06 17:45:27,495:INFO:python_version: 3.9.12
2023-02-06 17:45:27,495:INFO:python_build: ('main', 'Apr  4 2022 05:22:27')
2023-02-06 17:45:27,495:INFO:machine: AMD64
2023-02-06 17:45:27,495:INFO:platform: Windows-10-10.0.22621-SP0
2023-02-06 17:45:27,495:INFO:Memory: svmem(total=6378008576, available=591159296, percent=90.7, used=5786849280, free=591159296)
2023-02-06 17:45:27,495:INFO:Physical Core: 4
2023-02-06 17:45:27,496:INFO:Logical Core: 8
2023-02-06 17:45:27,496:INFO:Checking libraries
2023-02-06 17:45:27,496:INFO:pd==1.4.2
2023-02-06 17:45:27,496:INFO:numpy==1.21.5
2023-02-06 17:45:27,496:INFO:sklearn==1.0.2
2023-02-06 17:45:27,496:INFO:xgboost==1.7.3
2023-02-06 17:45:27,496:INFO:lightgbm==3.3.5
2023-02-06 17:45:27,496:INFO:catboost==1.1.1
2023-02-06 17:45:27,496:INFO:mlflow==2.1.1
2023-02-06 17:45:27,496:INFO:Checking Exceptions
2023-02-06 17:45:27,497:INFO:Declaring global variables
2023-02-06 17:45:27,497:INFO:USI: b10b
2023-02-06 17:45:27,497:INFO:pycaret_globals: {'iterative_imputation_iters_param', 'y_test', '_all_models_internal', 'imputation_regressor', 'fold_shuffle_param', 'prep_pipe', 'experiment__', 'stratify_param', '_all_metrics', '_internal_pipeline', 'X', 'target_param', '_gpu_n_jobs_param', 'fold_groups_param', 'log_plots_param', '_ml_usecase', 'display_container', 'pycaret_globals', 'transform_target_param', 'seed', 'X_train', '_available_plots', 'master_model_container', 'fix_imbalance_method_param', 'create_model_container', 'y_train', 'logging_param', 'gpu_param', 'imputation_classifier', 'exp_name_log', 'X_test', 'USI', 'fix_imbalance_param', 'transform_target_method_param', 'y', 'fold_param', '_all_models', 'html_param', 'data_before_preprocess', 'n_jobs_param', 'fold_generator'}
2023-02-06 17:45:27,497:INFO:Preparing display monitor
2023-02-06 17:45:27,497:INFO:Preparing display monitor
2023-02-06 17:45:27,514:INFO:Importing libraries
2023-02-06 17:45:27,514:INFO:Copying data for preprocessing
2023-02-06 17:45:27,529:INFO:Declaring preprocessing parameters
2023-02-06 17:45:27,529:INFO:Creating preprocessing pipeline
2023-02-06 17:45:27,529:INFO:Preprocessing pipeline created successfully
2023-02-06 17:45:27,529:ERROR:(Process Exit): setup has been interupted with user command 'quit'. setup must rerun.
2023-02-06 17:45:27,529:INFO:Creating global containers
2023-02-06 17:45:27,543:INFO:Internal pipeline: Pipeline(memory=None, steps=[('empty_step', 'passthrough')], verbose=False)
2023-02-06 17:45:55,310:INFO:Creating grid variables
2023-02-06 17:45:55,329:INFO:create_model_container: 0
2023-02-06 17:45:55,329:INFO:master_model_container: 0
2023-02-06 17:45:55,329:INFO:display_container: 0
2023-02-06 18:09:41,899:INFO:PyCaret Supervised Module
2023-02-06 18:09:41,961:INFO:ML Usecase: regression
2023-02-06 18:09:41,961:INFO:version 2.2.2
2023-02-06 18:09:41,962:INFO:Initializing setup()
2023-02-06 18:09:41,962:INFO:setup(target=expenses, ml_usecase=regression, available_plots={'parameter': 'Hyperparameters', 'residuals': 'Residuals', 'error': 'Prediction Error', 'cooks': 'Cooks Distance', 'rfe': 'Feature Selection', 'learning': 'Learning Curve', 'manifold': 'Manifold Learning', 'vc': 'Validation Curve', 'feature': 'Feature Importance', 'feature_all': 'Feature Importance (All)', 'tree': 'Decision Tree'}, train_size=0.7, test_data=None, preprocess=True, imputation_type=simple, iterative_imputation_iters=5, categorical_features=None, categorical_imputation=constant, categorical_iterative_imputer=lightgbm, ordinal_features=None, high_cardinality_features=None, high_cardinality_method=frequency, numeric_features=None, numeric_imputation=mean, numeric_iterative_imputer=lightgbm, date_features=None, ignore_features=None, normalize=False, normalize_method=zscore, transformation=False, transformation_method=yeo-johnson, handle_unknown_categorical=True, unknown_categorical_method=least_frequent, pca=False, pca_method=linear, pca_components=None, ignore_low_variance=False, combine_rare_levels=False, rare_level_threshold=0.1, bin_numeric_features=None, remove_outliers=False, outliers_threshold=0.05, remove_multicollinearity=False, multicollinearity_threshold=0.9, remove_perfect_collinearity=True, create_clusters=False, cluster_iter=20, polynomial_features=False, polynomial_degree=2, trigonometry_features=False, polynomial_threshold=0.1, group_features=None, group_names=None, feature_selection=False, feature_selection_threshold=0.8, feature_selection_method=classic, feature_interaction=False, feature_ratio=False, interaction_threshold=0.01, fix_imbalance=False, fix_imbalance_method=None, transform_target=False, transform_target_method=box-cox, data_split_shuffle=True, data_split_stratify=False, fold_strategy=kfold, fold=10, fold_shuffle=True, fold_groups=None, n_jobs=-1, use_gpu=False, custom_pipeline=None, html=True, session_id=123, log_experiment=False, experiment_name=None, log_plots=False, log_profile=False, log_data=False, silent=False, verbose=True, profile=False, profile_kwargs=None, display=None)
2023-02-06 18:09:41,986:INFO:Checking environment
2023-02-06 18:09:41,987:INFO:python_version: 3.9.12
2023-02-06 18:09:41,988:INFO:python_build: ('main', 'Apr  4 2022 05:22:27')
2023-02-06 18:09:41,990:INFO:machine: AMD64
2023-02-06 18:09:41,991:INFO:platform: Windows-10-10.0.22621-SP0
2023-02-06 18:09:41,995:INFO:Memory: svmem(total=6378008576, available=321163264, percent=95.0, used=6056845312, free=321163264)
2023-02-06 18:09:41,996:INFO:Physical Core: 4
2023-02-06 18:09:41,997:INFO:Logical Core: 8
2023-02-06 18:09:41,997:INFO:Checking libraries
2023-02-06 18:09:41,998:INFO:pd==1.4.2
2023-02-06 18:09:42,000:INFO:numpy==1.21.5
2023-02-06 18:09:42,002:INFO:sklearn==1.0.2
2023-02-06 18:09:42,002:INFO:xgboost==1.7.3
2023-02-06 18:09:42,003:INFO:lightgbm==3.3.5
2023-02-06 18:09:42,005:INFO:catboost==1.1.1
2023-02-06 18:09:42,005:INFO:mlflow==2.1.1
2023-02-06 18:09:42,005:INFO:Checking Exceptions
2023-02-06 18:09:42,047:INFO:Declaring global variables
2023-02-06 18:09:42,050:INFO:USI: 3fea
2023-02-06 18:09:42,054:INFO:pycaret_globals: {'iterative_imputation_iters_param', 'y_test', '_all_models_internal', 'imputation_regressor', 'fold_shuffle_param', 'prep_pipe', 'experiment__', 'stratify_param', '_all_metrics', '_internal_pipeline', 'X', 'target_param', '_gpu_n_jobs_param', 'fold_groups_param', 'log_plots_param', '_ml_usecase', 'display_container', 'pycaret_globals', 'transform_target_param', 'seed', 'X_train', '_available_plots', 'master_model_container', 'fix_imbalance_method_param', 'create_model_container', 'y_train', 'logging_param', 'gpu_param', 'imputation_classifier', 'exp_name_log', 'X_test', 'USI', 'fix_imbalance_param', 'transform_target_method_param', 'y', 'fold_param', '_all_models', 'html_param', 'data_before_preprocess', 'n_jobs_param', 'fold_generator'}
2023-02-06 18:09:42,054:INFO:Preparing display monitor
2023-02-06 18:09:42,058:INFO:Preparing display monitor
2023-02-06 18:09:42,272:INFO:Importing libraries
2023-02-06 18:09:42,276:INFO:Copying data for preprocessing
2023-02-06 18:09:42,357:INFO:Declaring preprocessing parameters
2023-02-06 18:09:42,405:INFO:Creating preprocessing pipeline
2023-02-06 18:09:42,446:INFO:Preprocessing pipeline created successfully
2023-02-06 18:09:42,447:ERROR:(Process Exit): setup has been interupted with user command 'quit'. setup must rerun.
2023-02-06 18:09:42,448:INFO:Creating global containers
2023-02-06 18:09:42,458:INFO:Internal pipeline: Pipeline(memory=None, steps=[('empty_step', 'passthrough')], verbose=False)
2023-02-06 18:09:45,450:INFO:Creating grid variables
2023-02-06 18:09:45,491:INFO:create_model_container: 0
2023-02-06 18:09:45,491:INFO:master_model_container: 0
2023-02-06 18:09:45,492:INFO:display_container: 0
2023-02-07 17:20:38,996:INFO:PyCaret Supervised Module
2023-02-07 17:20:39,035:INFO:ML Usecase: regression
2023-02-07 17:20:39,035:INFO:version 2.2.2
2023-02-07 17:20:39,035:INFO:Initializing setup()
2023-02-07 17:20:39,035:INFO:setup(target=expenses, ml_usecase=regression, available_plots={'parameter': 'Hyperparameters', 'residuals': 'Residuals', 'error': 'Prediction Error', 'cooks': 'Cooks Distance', 'rfe': 'Feature Selection', 'learning': 'Learning Curve', 'manifold': 'Manifold Learning', 'vc': 'Validation Curve', 'feature': 'Feature Importance', 'feature_all': 'Feature Importance (All)', 'tree': 'Decision Tree'}, train_size=0.7, test_data=None, preprocess=True, imputation_type=simple, iterative_imputation_iters=5, categorical_features=None, categorical_imputation=constant, categorical_iterative_imputer=lightgbm, ordinal_features=None, high_cardinality_features=None, high_cardinality_method=frequency, numeric_features=None, numeric_imputation=mean, numeric_iterative_imputer=lightgbm, date_features=None, ignore_features=None, normalize=False, normalize_method=zscore, transformation=False, transformation_method=yeo-johnson, handle_unknown_categorical=True, unknown_categorical_method=least_frequent, pca=False, pca_method=linear, pca_components=None, ignore_low_variance=False, combine_rare_levels=False, rare_level_threshold=0.1, bin_numeric_features=None, remove_outliers=False, outliers_threshold=0.05, remove_multicollinearity=False, multicollinearity_threshold=0.9, remove_perfect_collinearity=True, create_clusters=False, cluster_iter=20, polynomial_features=False, polynomial_degree=2, trigonometry_features=False, polynomial_threshold=0.1, group_features=None, group_names=None, feature_selection=False, feature_selection_threshold=0.8, feature_selection_method=classic, feature_interaction=False, feature_ratio=False, interaction_threshold=0.01, fix_imbalance=False, fix_imbalance_method=None, transform_target=False, transform_target_method=box-cox, data_split_shuffle=True, data_split_stratify=False, fold_strategy=kfold, fold=10, fold_shuffle=True, fold_groups=None, n_jobs=-1, use_gpu=False, custom_pipeline=None, html=True, session_id=123, log_experiment=False, experiment_name=None, log_plots=False, log_profile=False, log_data=False, silent=False, verbose=True, profile=False, profile_kwargs=None, display=None)
2023-02-07 17:20:39,035:INFO:Checking environment
2023-02-07 17:20:39,035:INFO:python_version: 3.9.10
2023-02-07 17:20:39,035:INFO:python_build: ('tags/v3.9.10:f2f3f53', 'Jan 17 2022 15:14:21')
2023-02-07 17:20:39,035:INFO:machine: AMD64
2023-02-07 17:20:39,035:INFO:platform: Windows-10-10.0.22621-SP0
2023-02-07 17:20:39,050:INFO:Memory: svmem(total=6378008576, available=419844096, percent=93.4, used=5958164480, free=419844096)
2023-02-07 17:20:39,050:INFO:Physical Core: 4
2023-02-07 17:20:39,050:INFO:Logical Core: 8
2023-02-07 17:20:39,050:INFO:Checking libraries
2023-02-07 17:20:39,050:INFO:pd==1.5.3
2023-02-07 17:20:39,050:INFO:numpy==1.23.5
2023-02-07 17:20:39,050:INFO:sklearn==1.2.1
2023-02-07 17:20:39,932:INFO:xgboost==1.7.3
2023-02-07 17:20:39,932:INFO:lightgbm==3.3.5
2023-02-07 17:20:42,287:INFO:catboost==1.1.1
2023-02-07 17:20:46,108:INFO:mlflow==2.1.1
2023-02-07 17:20:46,108:INFO:Checking Exceptions
2023-02-07 17:20:46,108:INFO:Declaring global variables
2023-02-07 17:20:46,108:INFO:USI: a529
2023-02-07 17:20:46,108:INFO:pycaret_globals: {'imputation_regressor', 'display_container', 'prep_pipe', 'y_train', '_all_models_internal', '_ml_usecase', 'fix_imbalance_method_param', 'transform_target_param', 'transform_target_method_param', 'gpu_param', 'logging_param', '_internal_pipeline', 'fix_imbalance_param', 'USI', 'X_train', 'data_before_preprocess', 'fold_groups_param', 'y', 'log_plots_param', 'exp_name_log', 'X_test', '_gpu_n_jobs_param', 'experiment__', 'n_jobs_param', 'y_test', 'fold_generator', 'fold_param', 'imputation_classifier', 'X', 'create_model_container', 'master_model_container', '_available_plots', 'pycaret_globals', 'html_param', '_all_models', 'stratify_param', '_all_metrics', 'iterative_imputation_iters_param', 'seed', 'fold_shuffle_param', 'target_param'}
2023-02-07 17:20:46,156:INFO:Preparing display monitor
2023-02-07 17:20:46,156:INFO:Preparing display monitor
2023-02-07 17:20:46,187:INFO:Importing libraries
2023-02-07 17:20:46,187:INFO:Copying data for preprocessing
2023-02-07 17:20:46,231:INFO:Declaring preprocessing parameters
2023-02-07 17:20:46,231:INFO:Creating preprocessing pipeline
2023-02-07 17:20:46,329:INFO:Preprocessing pipeline created successfully
2023-02-07 17:20:46,329:ERROR:(Process Exit): setup has been interupted with user command 'quit'. setup must rerun.
2023-02-07 17:20:46,329:INFO:Creating global containers
2023-02-07 17:20:46,360:INFO:Internal pipeline: Pipeline(memory=None, steps=[('empty_step', 'passthrough')], verbose=False)
2023-02-07 17:32:09,266:INFO:PyCaret Supervised Module
2023-02-07 17:32:09,266:INFO:ML Usecase: regression
2023-02-07 17:32:09,267:INFO:version 2.2.2
2023-02-07 17:32:09,267:INFO:Initializing setup()
2023-02-07 17:32:09,267:INFO:setup(target=expenses, ml_usecase=regression, available_plots={'parameter': 'Hyperparameters', 'residuals': 'Residuals', 'error': 'Prediction Error', 'cooks': 'Cooks Distance', 'rfe': 'Feature Selection', 'learning': 'Learning Curve', 'manifold': 'Manifold Learning', 'vc': 'Validation Curve', 'feature': 'Feature Importance', 'feature_all': 'Feature Importance (All)', 'tree': 'Decision Tree'}, train_size=0.7, test_data=None, preprocess=True, imputation_type=simple, iterative_imputation_iters=5, categorical_features=None, categorical_imputation=constant, categorical_iterative_imputer=lightgbm, ordinal_features=None, high_cardinality_features=None, high_cardinality_method=frequency, numeric_features=None, numeric_imputation=mean, numeric_iterative_imputer=lightgbm, date_features=None, ignore_features=None, normalize=False, normalize_method=zscore, transformation=False, transformation_method=yeo-johnson, handle_unknown_categorical=True, unknown_categorical_method=least_frequent, pca=False, pca_method=linear, pca_components=None, ignore_low_variance=False, combine_rare_levels=False, rare_level_threshold=0.1, bin_numeric_features=None, remove_outliers=False, outliers_threshold=0.05, remove_multicollinearity=False, multicollinearity_threshold=0.9, remove_perfect_collinearity=True, create_clusters=False, cluster_iter=20, polynomial_features=False, polynomial_degree=2, trigonometry_features=False, polynomial_threshold=0.1, group_features=None, group_names=None, feature_selection=False, feature_selection_threshold=0.8, feature_selection_method=classic, feature_interaction=False, feature_ratio=False, interaction_threshold=0.01, fix_imbalance=False, fix_imbalance_method=None, transform_target=False, transform_target_method=box-cox, data_split_shuffle=True, data_split_stratify=False, fold_strategy=kfold, fold=10, fold_shuffle=False, fold_groups=None, n_jobs=-1, use_gpu=False, custom_pipeline=None, html=True, session_id=123, log_experiment=False, experiment_name=None, log_plots=False, log_profile=False, log_data=False, silent=False, verbose=True, profile=False, profile_kwargs=None, display=None)
2023-02-07 17:32:09,267:INFO:Checking environment
2023-02-07 17:32:09,267:INFO:python_version: 3.9.10
2023-02-07 17:32:09,267:INFO:python_build: ('tags/v3.9.10:f2f3f53', 'Jan 17 2022 15:14:21')
2023-02-07 17:32:09,268:INFO:machine: AMD64
2023-02-07 17:32:09,268:INFO:platform: Windows-10-10.0.22621-SP0
2023-02-07 17:32:09,275:INFO:Memory: svmem(total=6378008576, available=1124249600, percent=82.4, used=5253758976, free=1124249600)
2023-02-07 17:32:09,276:INFO:Physical Core: 4
2023-02-07 17:32:09,390:INFO:Logical Core: 8
2023-02-07 17:32:09,390:INFO:Checking libraries
2023-02-07 17:32:09,390:INFO:pd==1.5.3
2023-02-07 17:32:09,390:INFO:numpy==1.23.5
2023-02-07 17:32:09,390:INFO:sklearn==1.2.1
2023-02-07 17:32:09,390:INFO:xgboost==1.7.3
2023-02-07 17:32:09,390:INFO:lightgbm==3.3.5
2023-02-07 17:32:09,390:INFO:catboost==1.1.1
2023-02-07 17:32:09,390:INFO:mlflow==2.1.1
2023-02-07 17:32:09,390:INFO:Checking Exceptions
2023-02-07 17:32:09,390:INFO:Declaring global variables
2023-02-07 17:32:09,390:INFO:USI: 5192
2023-02-07 17:32:09,390:INFO:pycaret_globals: {'imputation_regressor', 'display_container', 'prep_pipe', 'y_train', '_all_models_internal', '_ml_usecase', 'fix_imbalance_method_param', 'transform_target_param', 'transform_target_method_param', 'gpu_param', 'logging_param', '_internal_pipeline', 'fix_imbalance_param', 'USI', 'X_train', 'data_before_preprocess', 'fold_groups_param', 'y', 'log_plots_param', 'exp_name_log', 'X_test', '_gpu_n_jobs_param', 'experiment__', 'n_jobs_param', 'y_test', 'fold_generator', 'fold_param', 'imputation_classifier', 'X', 'create_model_container', 'master_model_container', '_available_plots', 'pycaret_globals', 'html_param', '_all_models', 'stratify_param', '_all_metrics', 'iterative_imputation_iters_param', 'seed', 'fold_shuffle_param', 'target_param'}
2023-02-07 17:32:09,390:INFO:Preparing display monitor
2023-02-07 17:32:09,390:INFO:Preparing display monitor
2023-02-07 17:32:09,406:INFO:Importing libraries
2023-02-07 17:32:09,406:INFO:Copying data for preprocessing
2023-02-07 17:32:09,422:INFO:Declaring preprocessing parameters
2023-02-07 17:32:09,424:INFO:Creating preprocessing pipeline
2023-02-07 17:32:09,429:INFO:Preprocessing pipeline created successfully
2023-02-07 17:32:09,429:ERROR:(Process Exit): setup has been interupted with user command 'quit'. setup must rerun.
2023-02-07 17:32:09,430:INFO:Creating global containers
2023-02-07 17:32:19,070:INFO:PyCaret Supervised Module
2023-02-07 17:32:19,070:INFO:ML Usecase: regression
2023-02-07 17:32:19,071:INFO:version 2.2.2
2023-02-07 17:32:19,071:INFO:Initializing setup()
2023-02-07 17:32:19,071:INFO:setup(target=expenses, ml_usecase=regression, available_plots={'parameter': 'Hyperparameters', 'residuals': 'Residuals', 'error': 'Prediction Error', 'cooks': 'Cooks Distance', 'rfe': 'Feature Selection', 'learning': 'Learning Curve', 'manifold': 'Manifold Learning', 'vc': 'Validation Curve', 'feature': 'Feature Importance', 'feature_all': 'Feature Importance (All)', 'tree': 'Decision Tree'}, train_size=0.7, test_data=None, preprocess=True, imputation_type=simple, iterative_imputation_iters=5, categorical_features=None, categorical_imputation=constant, categorical_iterative_imputer=lightgbm, ordinal_features=None, high_cardinality_features=None, high_cardinality_method=frequency, numeric_features=None, numeric_imputation=mean, numeric_iterative_imputer=lightgbm, date_features=None, ignore_features=None, normalize=False, normalize_method=zscore, transformation=False, transformation_method=yeo-johnson, handle_unknown_categorical=True, unknown_categorical_method=least_frequent, pca=False, pca_method=linear, pca_components=None, ignore_low_variance=False, combine_rare_levels=False, rare_level_threshold=0.1, bin_numeric_features=None, remove_outliers=False, outliers_threshold=0.05, remove_multicollinearity=False, multicollinearity_threshold=0.9, remove_perfect_collinearity=True, create_clusters=False, cluster_iter=20, polynomial_features=False, polynomial_degree=2, trigonometry_features=False, polynomial_threshold=0.1, group_features=None, group_names=None, feature_selection=False, feature_selection_threshold=0.8, feature_selection_method=classic, feature_interaction=False, feature_ratio=False, interaction_threshold=0.01, fix_imbalance=False, fix_imbalance_method=None, transform_target=False, transform_target_method=box-cox, data_split_shuffle=True, data_split_stratify=False, fold_strategy=kfold, fold=10, fold_shuffle=True, fold_groups=None, n_jobs=-1, use_gpu=False, custom_pipeline=None, html=True, session_id=123, log_experiment=False, experiment_name=None, log_plots=False, log_profile=False, log_data=False, silent=False, verbose=True, profile=False, profile_kwargs=None, display=None)
2023-02-07 17:32:19,071:INFO:Checking environment
2023-02-07 17:32:19,071:INFO:python_version: 3.9.10
2023-02-07 17:32:19,072:INFO:python_build: ('tags/v3.9.10:f2f3f53', 'Jan 17 2022 15:14:21')
2023-02-07 17:32:19,072:INFO:machine: AMD64
2023-02-07 17:32:19,072:INFO:platform: Windows-10-10.0.22621-SP0
2023-02-07 17:32:19,079:INFO:Memory: svmem(total=6378008576, available=1101135872, percent=82.7, used=5276872704, free=1101135872)
2023-02-07 17:32:19,079:INFO:Physical Core: 4
2023-02-07 17:32:19,079:INFO:Logical Core: 8
2023-02-07 17:32:19,079:INFO:Checking libraries
2023-02-07 17:32:19,079:INFO:pd==1.5.3
2023-02-07 17:32:19,079:INFO:numpy==1.23.5
2023-02-07 17:32:19,080:INFO:sklearn==1.2.1
2023-02-07 17:32:19,080:INFO:xgboost==1.7.3
2023-02-07 17:32:19,080:INFO:lightgbm==3.3.5
2023-02-07 17:32:19,080:INFO:catboost==1.1.1
2023-02-07 17:32:19,080:INFO:mlflow==2.1.1
2023-02-07 17:32:19,080:INFO:Checking Exceptions
2023-02-07 17:32:19,080:INFO:Declaring global variables
2023-02-07 17:32:19,080:INFO:USI: 7460
2023-02-07 17:32:19,080:INFO:pycaret_globals: {'imputation_regressor', 'display_container', 'prep_pipe', 'y_train', '_all_models_internal', '_ml_usecase', 'fix_imbalance_method_param', 'transform_target_param', 'transform_target_method_param', 'gpu_param', 'logging_param', '_internal_pipeline', 'fix_imbalance_param', 'USI', 'X_train', 'data_before_preprocess', 'fold_groups_param', 'y', 'log_plots_param', 'exp_name_log', 'X_test', '_gpu_n_jobs_param', 'experiment__', 'n_jobs_param', 'y_test', 'fold_generator', 'fold_param', 'imputation_classifier', 'X', 'create_model_container', 'master_model_container', '_available_plots', 'pycaret_globals', 'html_param', '_all_models', 'stratify_param', '_all_metrics', 'iterative_imputation_iters_param', 'seed', 'fold_shuffle_param', 'target_param'}
2023-02-07 17:32:19,080:INFO:Preparing display monitor
2023-02-07 17:32:19,080:INFO:Preparing display monitor
2023-02-07 17:32:19,094:INFO:Importing libraries
2023-02-07 17:32:19,094:INFO:Copying data for preprocessing
2023-02-07 17:32:19,106:INFO:Declaring preprocessing parameters
2023-02-07 17:32:19,106:INFO:Creating preprocessing pipeline
2023-02-07 17:32:19,106:INFO:Preprocessing pipeline created successfully
2023-02-07 17:32:19,106:ERROR:(Process Exit): setup has been interupted with user command 'quit'. setup must rerun.
2023-02-07 17:32:19,106:INFO:Creating global containers
2023-02-07 17:32:19,106:INFO:Internal pipeline: Pipeline(memory=None, steps=[('empty_step', 'passthrough')], verbose=False)
2023-02-07 17:32:44,769:INFO:PyCaret Supervised Module
2023-02-07 17:32:44,769:INFO:ML Usecase: regression
2023-02-07 17:32:44,770:INFO:version 2.2.2
2023-02-07 17:32:44,770:INFO:Initializing setup()
2023-02-07 17:32:44,770:INFO:setup(target=expenses, ml_usecase=regression, available_plots={'parameter': 'Hyperparameters', 'residuals': 'Residuals', 'error': 'Prediction Error', 'cooks': 'Cooks Distance', 'rfe': 'Feature Selection', 'learning': 'Learning Curve', 'manifold': 'Manifold Learning', 'vc': 'Validation Curve', 'feature': 'Feature Importance', 'feature_all': 'Feature Importance (All)', 'tree': 'Decision Tree'}, train_size=0.7, test_data=None, preprocess=True, imputation_type=simple, iterative_imputation_iters=5, categorical_features=None, categorical_imputation=constant, categorical_iterative_imputer=lightgbm, ordinal_features=None, high_cardinality_features=None, high_cardinality_method=frequency, numeric_features=None, numeric_imputation=mean, numeric_iterative_imputer=lightgbm, date_features=None, ignore_features=None, normalize=False, normalize_method=zscore, transformation=False, transformation_method=yeo-johnson, handle_unknown_categorical=True, unknown_categorical_method=least_frequent, pca=False, pca_method=linear, pca_components=None, ignore_low_variance=False, combine_rare_levels=False, rare_level_threshold=0.1, bin_numeric_features=None, remove_outliers=False, outliers_threshold=0.05, remove_multicollinearity=False, multicollinearity_threshold=0.9, remove_perfect_collinearity=True, create_clusters=False, cluster_iter=20, polynomial_features=False, polynomial_degree=2, trigonometry_features=False, polynomial_threshold=0.1, group_features=None, group_names=None, feature_selection=False, feature_selection_threshold=0.8, feature_selection_method=classic, feature_interaction=False, feature_ratio=False, interaction_threshold=0.01, fix_imbalance=False, fix_imbalance_method=None, transform_target=False, transform_target_method=box-cox, data_split_shuffle=True, data_split_stratify=False, fold_strategy=kfold, fold=10, fold_shuffle=True, fold_groups=None, n_jobs=-1, use_gpu=False, custom_pipeline=None, html=True, session_id=123, log_experiment=False, experiment_name=None, log_plots=False, log_profile=False, log_data=False, silent=False, verbose=True, profile=False, profile_kwargs=None, display=None)
2023-02-07 17:32:44,770:INFO:Checking environment
2023-02-07 17:32:44,770:INFO:python_version: 3.9.10
2023-02-07 17:32:44,770:INFO:python_build: ('tags/v3.9.10:f2f3f53', 'Jan 17 2022 15:14:21')
2023-02-07 17:32:44,770:INFO:machine: AMD64
2023-02-07 17:32:44,770:INFO:platform: Windows-10-10.0.22621-SP0
2023-02-07 17:32:44,777:INFO:Memory: svmem(total=6378008576, available=1079508992, percent=83.1, used=5298499584, free=1079508992)
2023-02-07 17:32:44,777:INFO:Physical Core: 4
2023-02-07 17:32:44,777:INFO:Logical Core: 8
2023-02-07 17:32:44,777:INFO:Checking libraries
2023-02-07 17:32:44,777:INFO:pd==1.5.3
2023-02-07 17:32:44,778:INFO:numpy==1.23.5
2023-02-07 17:32:44,778:INFO:sklearn==1.2.1
2023-02-07 17:32:44,778:INFO:xgboost==1.7.3
2023-02-07 17:32:44,778:INFO:lightgbm==3.3.5
2023-02-07 17:32:44,778:INFO:catboost==1.1.1
2023-02-07 17:32:44,778:INFO:mlflow==2.1.1
2023-02-07 17:32:44,778:INFO:Checking Exceptions
2023-02-07 17:32:44,778:INFO:Declaring global variables
2023-02-07 17:32:44,778:INFO:USI: 6cfd
2023-02-07 17:32:44,778:INFO:pycaret_globals: {'imputation_regressor', 'display_container', 'prep_pipe', 'y_train', '_all_models_internal', '_ml_usecase', 'fix_imbalance_method_param', 'transform_target_param', 'transform_target_method_param', 'gpu_param', 'logging_param', '_internal_pipeline', 'fix_imbalance_param', 'USI', 'X_train', 'data_before_preprocess', 'fold_groups_param', 'y', 'log_plots_param', 'exp_name_log', 'X_test', '_gpu_n_jobs_param', 'experiment__', 'n_jobs_param', 'y_test', 'fold_generator', 'fold_param', 'imputation_classifier', 'X', 'create_model_container', 'master_model_container', '_available_plots', 'pycaret_globals', 'html_param', '_all_models', 'stratify_param', '_all_metrics', 'iterative_imputation_iters_param', 'seed', 'fold_shuffle_param', 'target_param'}
2023-02-07 17:32:44,778:INFO:Preparing display monitor
2023-02-07 17:32:44,779:INFO:Preparing display monitor
2023-02-07 17:32:44,791:INFO:Importing libraries
2023-02-07 17:32:44,791:INFO:Copying data for preprocessing
2023-02-07 17:32:44,798:INFO:Declaring preprocessing parameters
2023-02-07 17:32:44,798:INFO:Creating preprocessing pipeline
2023-02-07 17:32:44,798:INFO:Preprocessing pipeline created successfully
2023-02-07 17:32:44,798:ERROR:(Process Exit): setup has been interupted with user command 'quit'. setup must rerun.
2023-02-07 17:32:44,798:INFO:Creating global containers
2023-02-07 17:32:44,813:INFO:Internal pipeline: Pipeline(memory=None, steps=[('empty_step', 'passthrough')], verbose=False)
2023-02-07 17:33:02,190:INFO:PyCaret Supervised Module
2023-02-07 17:33:02,190:INFO:ML Usecase: regression
2023-02-07 17:33:02,206:INFO:version 2.2.2
2023-02-07 17:33:02,206:INFO:Initializing setup()
2023-02-07 17:33:02,206:INFO:setup(target=expenses, ml_usecase=regression, available_plots={'parameter': 'Hyperparameters', 'residuals': 'Residuals', 'error': 'Prediction Error', 'cooks': 'Cooks Distance', 'rfe': 'Feature Selection', 'learning': 'Learning Curve', 'manifold': 'Manifold Learning', 'vc': 'Validation Curve', 'feature': 'Feature Importance', 'feature_all': 'Feature Importance (All)', 'tree': 'Decision Tree'}, train_size=0.7, test_data=None, preprocess=True, imputation_type=simple, iterative_imputation_iters=5, categorical_features=None, categorical_imputation=constant, categorical_iterative_imputer=lightgbm, ordinal_features=None, high_cardinality_features=None, high_cardinality_method=frequency, numeric_features=None, numeric_imputation=mean, numeric_iterative_imputer=lightgbm, date_features=None, ignore_features=None, normalize=False, normalize_method=zscore, transformation=False, transformation_method=yeo-johnson, handle_unknown_categorical=True, unknown_categorical_method=least_frequent, pca=False, pca_method=linear, pca_components=None, ignore_low_variance=False, combine_rare_levels=False, rare_level_threshold=0.1, bin_numeric_features=None, remove_outliers=False, outliers_threshold=0.05, remove_multicollinearity=False, multicollinearity_threshold=0.9, remove_perfect_collinearity=True, create_clusters=False, cluster_iter=20, polynomial_features=False, polynomial_degree=2, trigonometry_features=False, polynomial_threshold=0.1, group_features=None, group_names=None, feature_selection=False, feature_selection_threshold=0.8, feature_selection_method=classic, feature_interaction=False, feature_ratio=False, interaction_threshold=0.01, fix_imbalance=False, fix_imbalance_method=None, transform_target=False, transform_target_method=box-cox, data_split_shuffle=True, data_split_stratify=False, fold_strategy=kfold, fold=10, fold_shuffle=True, fold_groups=None, n_jobs=-1, use_gpu=False, custom_pipeline=None, html=True, session_id=123, log_experiment=False, experiment_name=None, log_plots=False, log_profile=False, log_data=False, silent=False, verbose=True, profile=False, profile_kwargs=None, display=None)
2023-02-07 17:33:02,207:INFO:Checking environment
2023-02-07 17:33:02,207:INFO:python_version: 3.9.10
2023-02-07 17:33:02,207:INFO:python_build: ('tags/v3.9.10:f2f3f53', 'Jan 17 2022 15:14:21')
2023-02-07 17:33:02,207:INFO:machine: AMD64
2023-02-07 17:33:02,207:INFO:platform: Windows-10-10.0.22621-SP0
2023-02-07 17:33:02,215:INFO:Memory: svmem(total=6378008576, available=1056706560, percent=83.4, used=5321302016, free=1056706560)
2023-02-07 17:33:02,215:INFO:Physical Core: 4
2023-02-07 17:33:02,216:INFO:Logical Core: 8
2023-02-07 17:33:02,216:INFO:Checking libraries
2023-02-07 17:33:02,216:INFO:pd==1.5.3
2023-02-07 17:33:02,216:INFO:numpy==1.23.5
2023-02-07 17:33:02,216:INFO:sklearn==1.2.1
2023-02-07 17:33:02,216:INFO:xgboost==1.7.3
2023-02-07 17:33:02,217:INFO:lightgbm==3.3.5
2023-02-07 17:33:02,217:INFO:catboost==1.1.1
2023-02-07 17:33:02,217:INFO:mlflow==2.1.1
2023-02-07 17:33:02,217:INFO:Checking Exceptions
2023-02-07 17:33:02,217:INFO:Declaring global variables
2023-02-07 17:33:02,217:INFO:USI: 707c
2023-02-07 17:33:02,217:INFO:pycaret_globals: {'imputation_regressor', 'display_container', 'prep_pipe', 'y_train', '_all_models_internal', '_ml_usecase', 'fix_imbalance_method_param', 'transform_target_param', 'transform_target_method_param', 'gpu_param', 'logging_param', '_internal_pipeline', 'fix_imbalance_param', 'USI', 'X_train', 'data_before_preprocess', 'fold_groups_param', 'y', 'log_plots_param', 'exp_name_log', 'X_test', '_gpu_n_jobs_param', 'experiment__', 'n_jobs_param', 'y_test', 'fold_generator', 'fold_param', 'imputation_classifier', 'X', 'create_model_container', 'master_model_container', '_available_plots', 'pycaret_globals', 'html_param', '_all_models', 'stratify_param', '_all_metrics', 'iterative_imputation_iters_param', 'seed', 'fold_shuffle_param', 'target_param'}
2023-02-07 17:33:02,218:INFO:Preparing display monitor
2023-02-07 17:33:02,218:INFO:Preparing display monitor
2023-02-07 17:33:02,231:INFO:Importing libraries
2023-02-07 17:33:02,231:INFO:Copying data for preprocessing
2023-02-07 17:33:02,246:INFO:Declaring preprocessing parameters
2023-02-07 17:33:02,246:INFO:Creating preprocessing pipeline
2023-02-07 17:33:02,250:INFO:Preprocessing pipeline created successfully
2023-02-07 17:33:02,250:ERROR:(Process Exit): setup has been interupted with user command 'quit'. setup must rerun.
2023-02-07 17:33:02,250:INFO:Creating global containers
2023-02-07 17:33:02,257:INFO:Internal pipeline: Pipeline(memory=None, steps=[('empty_step', 'passthrough')], verbose=False)
2023-02-07 17:33:39,439:INFO:PyCaret Supervised Module
2023-02-07 17:33:39,439:INFO:ML Usecase: regression
2023-02-07 17:33:39,439:INFO:version 2.2.2
2023-02-07 17:33:39,439:INFO:Initializing setup()
2023-02-07 17:33:39,440:INFO:setup(target=expenses, ml_usecase=regression, available_plots={'parameter': 'Hyperparameters', 'residuals': 'Residuals', 'error': 'Prediction Error', 'cooks': 'Cooks Distance', 'rfe': 'Feature Selection', 'learning': 'Learning Curve', 'manifold': 'Manifold Learning', 'vc': 'Validation Curve', 'feature': 'Feature Importance', 'feature_all': 'Feature Importance (All)', 'tree': 'Decision Tree'}, train_size=0.7, test_data=None, preprocess=True, imputation_type=simple, iterative_imputation_iters=5, categorical_features=None, categorical_imputation=constant, categorical_iterative_imputer=lightgbm, ordinal_features=None, high_cardinality_features=None, high_cardinality_method=frequency, numeric_features=['children'], numeric_imputation=mean, numeric_iterative_imputer=lightgbm, date_features=None, ignore_features=None, normalize=False, normalize_method=zscore, transformation=False, transformation_method=yeo-johnson, handle_unknown_categorical=True, unknown_categorical_method=least_frequent, pca=False, pca_method=linear, pca_components=None, ignore_low_variance=False, combine_rare_levels=False, rare_level_threshold=0.1, bin_numeric_features=None, remove_outliers=False, outliers_threshold=0.05, remove_multicollinearity=False, multicollinearity_threshold=0.9, remove_perfect_collinearity=True, create_clusters=False, cluster_iter=20, polynomial_features=False, polynomial_degree=2, trigonometry_features=False, polynomial_threshold=0.1, group_features=None, group_names=None, feature_selection=False, feature_selection_threshold=0.8, feature_selection_method=classic, feature_interaction=False, feature_ratio=False, interaction_threshold=0.01, fix_imbalance=False, fix_imbalance_method=None, transform_target=False, transform_target_method=box-cox, data_split_shuffle=True, data_split_stratify=False, fold_strategy=kfold, fold=10, fold_shuffle=True, fold_groups=None, n_jobs=-1, use_gpu=False, custom_pipeline=None, html=True, session_id=123, log_experiment=False, experiment_name=None, log_plots=False, log_profile=False, log_data=False, silent=False, verbose=True, profile=False, profile_kwargs=None, display=None)
2023-02-07 17:33:39,440:INFO:Checking environment
2023-02-07 17:33:39,440:INFO:python_version: 3.9.10
2023-02-07 17:33:39,440:INFO:python_build: ('tags/v3.9.10:f2f3f53', 'Jan 17 2022 15:14:21')
2023-02-07 17:33:39,440:INFO:machine: AMD64
2023-02-07 17:33:39,441:INFO:platform: Windows-10-10.0.22621-SP0
2023-02-07 17:33:39,447:INFO:Memory: svmem(total=6378008576, available=1063833600, percent=83.3, used=5314174976, free=1063833600)
2023-02-07 17:33:39,447:INFO:Physical Core: 4
2023-02-07 17:33:39,447:INFO:Logical Core: 8
2023-02-07 17:33:39,447:INFO:Checking libraries
2023-02-07 17:33:39,447:INFO:pd==1.5.3
2023-02-07 17:33:39,447:INFO:numpy==1.23.5
2023-02-07 17:33:39,447:INFO:sklearn==1.2.1
2023-02-07 17:33:39,447:INFO:xgboost==1.7.3
2023-02-07 17:33:39,447:INFO:lightgbm==3.3.5
2023-02-07 17:33:39,447:INFO:catboost==1.1.1
2023-02-07 17:33:39,447:INFO:mlflow==2.1.1
2023-02-07 17:33:39,447:INFO:Checking Exceptions
2023-02-07 17:33:39,448:INFO:Declaring global variables
2023-02-07 17:33:39,448:INFO:USI: 4480
2023-02-07 17:33:39,448:INFO:pycaret_globals: {'imputation_regressor', 'display_container', 'prep_pipe', 'y_train', '_all_models_internal', '_ml_usecase', 'fix_imbalance_method_param', 'transform_target_param', 'transform_target_method_param', 'gpu_param', 'logging_param', '_internal_pipeline', 'fix_imbalance_param', 'USI', 'X_train', 'data_before_preprocess', 'fold_groups_param', 'y', 'log_plots_param', 'exp_name_log', 'X_test', '_gpu_n_jobs_param', 'experiment__', 'n_jobs_param', 'y_test', 'fold_generator', 'fold_param', 'imputation_classifier', 'X', 'create_model_container', 'master_model_container', '_available_plots', 'pycaret_globals', 'html_param', '_all_models', 'stratify_param', '_all_metrics', 'iterative_imputation_iters_param', 'seed', 'fold_shuffle_param', 'target_param'}
2023-02-07 17:33:39,448:INFO:Preparing display monitor
2023-02-07 17:33:39,448:INFO:Preparing display monitor
2023-02-07 17:33:39,459:INFO:Importing libraries
2023-02-07 17:33:39,459:INFO:Copying data for preprocessing
2023-02-07 17:33:39,471:INFO:Declaring preprocessing parameters
2023-02-07 17:33:39,473:INFO:Creating preprocessing pipeline
2023-02-07 17:33:39,480:INFO:Preprocessing pipeline created successfully
2023-02-07 17:33:39,480:ERROR:(Process Exit): setup has been interupted with user command 'quit'. setup must rerun.
2023-02-07 17:33:39,480:INFO:Creating global containers
2023-02-07 17:33:39,480:INFO:Internal pipeline: Pipeline(memory=None, steps=[('empty_step', 'passthrough')], verbose=False)
